<?xml version="1.0" encoding="UTF-8"?>
<!-- Generated by org.testng.reporters.JUnitReportReporter -->
<testsuite hostname="DESKTOP-78045IE" name="tests.LoginTest" tests="1" failures="0" timestamp="19 Jan 2016 22:08:20 GMT" time="39.237" errors="0">
  <testcase name="canLoginWithValidCredentials" time="39.237" classname="tests.LoginTest"/>
</testsuite> <!-- tests.LoginTest -->
